{
  "stats": {
    "suites": 12,
    "tests": 41,
    "passes": 1,
    "pending": 0,
    "failures": 40,
    "start": "2021-07-08T18:10:24.386Z",
    "end": "2021-07-08T18:13:18.679Z",
    "duration": 174293,
    "testsRegistered": 41,
    "passPercent": 2.4390243902439024,
    "pendingPercent": 0,
    "other": 0,
    "hasOther": false,
    "skipped": 0,
    "hasSkipped": false
  },
  "results": [
    {
      "uuid": "162cb9bb-2578-4292-80e3-c5c59a1355a7",
      "title": "",
      "fullFile": "cypress/integration/project.spec.js",
      "file": "cypress/integration/project.spec.js",
      "beforeHooks": [],
      "afterHooks": [],
      "tests": [],
      "suites": [
        {
          "uuid": "7fc71f71-dd75-4c78-b365-995e01da8a02",
          "title": "1 - Adicione à página o título \"Paleta de Cores\".",
          "fullFile": "",
          "file": "",
          "beforeHooks": [],
          "afterHooks": [],
          "tests": [
            {
              "title": "Verifica se contém um elemento `h1` com o id `title` com o título correto",
              "fullTitle": "1 - Adicione à página o título \"Paleta de Cores\". Verifica se contém um elemento `h1` com o id `title` com o título correto",
              "timedOut": null,
              "duration": 522,
              "state": "passed",
              "speed": "slow",
              "pass": true,
              "fail": false,
              "pending": false,
              "context": null,
              "code": "cy.get('h1#title').should('contain.text', 'Paleta de Cores');",
              "err": {},
              "uuid": "27bd55a8-1d3a-4af4-908c-04f5bbd3f157",
              "parentUUID": "7fc71f71-dd75-4c78-b365-995e01da8a02",
              "isHook": false,
              "skipped": false
            }
          ],
          "suites": [],
          "passes": [
            "27bd55a8-1d3a-4af4-908c-04f5bbd3f157"
          ],
          "failures": [],
          "pending": [],
          "skipped": [],
          "duration": 522,
          "root": false,
          "rootEmpty": false,
          "_timeout": 2000
        },
        {
          "uuid": "47f5afb3-035d-4115-a39f-a44015e650af",
          "title": "2 - Adicione à página uma paleta de quatro cores distintas.",
          "fullFile": "",
          "file": "",
          "beforeHooks": [],
          "afterHooks": [],
          "tests": [
            {
              "title": "A paleta de cores deve ser um elemento com `id` denominado `color-palette`",
              "fullTitle": "2 - Adicione à página uma paleta de quatro cores distintas. A paleta de cores deve ser um elemento com `id` denominado `color-palette`",
              "timedOut": null,
              "duration": 4276,
              "state": "failed",
              "speed": null,
              "pass": false,
              "fail": true,
              "pending": false,
              "context": null,
              "code": "cy.get('#color-palette').should('be.visible');",
              "err": {
                "message": "AssertionError: Timed out retrying after 4000ms: Expected to find element: `#color-palette`, but never found it.",
                "estack": "AssertionError: Timed out retrying after 4000ms: Expected to find element: `#color-palette`, but never found it.\n    at Context.eval (http://localhost:56613/__cypress/tests?p=cypress/integration/project.spec.js:127:30)",
                "diff": null
              },
              "uuid": "3a9898bb-2927-40a8-9c10-e30bd8364acc",
              "parentUUID": "47f5afb3-035d-4115-a39f-a44015e650af",
              "isHook": false,
              "skipped": false
            },
            {
              "title": "Verifica se cada cor individual da paleta de cores possui a `classe` chamada `color`.",
              "fullTitle": "2 - Adicione à página uma paleta de quatro cores distintas. Verifica se cada cor individual da paleta de cores possui a `classe` chamada `color`.",
              "timedOut": null,
              "duration": 4195,
              "state": "failed",
              "speed": null,
              "pass": false,
              "fail": true,
              "pending": false,
              "context": null,
              "code": "cy.get('.color').should('have.length', 4).then(colors => {\n  for (let i = 0; i < colors.length; i++) {\n    cy.wrap(colors[i]).should('be.visible');\n  }\n});",
              "err": {
                "message": "AssertionError: Timed out retrying after 4000ms: Expected to find element: `.color`, but never found it.",
                "estack": "AssertionError: Timed out retrying after 4000ms: Expected to find element: `.color`, but never found it.\n    at Context.eval (http://localhost:56613/__cypress/tests?p=cypress/integration/project.spec.js:130:22)",
                "diff": null
              },
              "uuid": "665ba653-d120-45d5-b927-4fa7b3701a63",
              "parentUUID": "47f5afb3-035d-4115-a39f-a44015e650af",
              "isHook": false,
              "skipped": false
            },
            {
              "title": "Verifica se a cor de fundo de cada elemento da paleta é a cor que o elemento representa. **A única cor não permitida na paleta é a cor branca.**",
              "fullTitle": "2 - Adicione à página uma paleta de quatro cores distintas. Verifica se a cor de fundo de cada elemento da paleta é a cor que o elemento representa. **A única cor não permitida na paleta é a cor branca.**",
              "timedOut": null,
              "duration": 4178,
              "state": "failed",
              "speed": null,
              "pass": false,
              "fail": true,
              "pending": false,
              "context": null,
              "code": "cy.get('.color').each(color => {\n  cy.wrap(color).should('have.class', 'color').and('not.have.css', 'background-color', WHITE);\n  cy.wrap(color).should('have.css', 'background-color');\n});",
              "err": {
                "message": "AssertionError: Timed out retrying after 4000ms: Expected to find element: `.color`, but never found it.",
                "estack": "AssertionError: Timed out retrying after 4000ms: Expected to find element: `.color`, but never found it.\n    at Context.eval (http://localhost:56613/__cypress/tests?p=cypress/integration/project.spec.js:137:8)",
                "diff": null
              },
              "uuid": "98487a22-a1a0-449b-b298-1113269c4e30",
              "parentUUID": "47f5afb3-035d-4115-a39f-a44015e650af",
              "isHook": false,
              "skipped": false
            },
            {
              "title": "Verifica se cada elemento da paleta de cores tem uma borda preta, sólida e com 1 pixel de largura;",
              "fullTitle": "2 - Adicione à página uma paleta de quatro cores distintas. Verifica se cada elemento da paleta de cores tem uma borda preta, sólida e com 1 pixel de largura;",
              "timedOut": null,
              "duration": 4236,
              "state": "failed",
              "speed": null,
              "pass": false,
              "fail": true,
              "pending": false,
              "context": null,
              "code": "cy.get('.color').each(color => {\n  cy.wrap(color).and('have.css', 'border', `1px solid ${BLACK}`).and('have.class', 'color');\n});",
              "err": {
                "message": "AssertionError: Timed out retrying after 4000ms: Expected to find element: `.color`, but never found it.",
                "estack": "AssertionError: Timed out retrying after 4000ms: Expected to find element: `.color`, but never found it.\n    at Context.eval (http://localhost:56613/__cypress/tests?p=cypress/integration/project.spec.js:143:8)",
                "diff": null
              },
              "uuid": "a532f487-2a2a-47cb-af11-a4af47607e70",
              "parentUUID": "47f5afb3-035d-4115-a39f-a44015e650af",
              "isHook": false,
              "skipped": false
            },
            {
              "title": "Verifica se a paleta lista todas as cores disponíveis para utilização, lado a lado.",
              "fullTitle": "2 - Adicione à página uma paleta de quatro cores distintas. Verifica se a paleta lista todas as cores disponíveis para utilização, lado a lado.",
              "timedOut": null,
              "duration": 4222,
              "state": "failed",
              "speed": null,
              "pass": false,
              "fail": true,
              "pending": false,
              "context": null,
              "code": "cy.get('.color').then(colors => {\n  for (let index = 1; index < colors.length; index += 1) {\n    const currentColor = colors[index];\n    const previousColor = colors[index - 1];\n    cy.wrap(currentColor).should('be.onTheRightOf', previousColor).and('be.horizontallyAlignedWith', previousColor);\n  }\n});",
              "err": {
                "message": "AssertionError: Timed out retrying after 4000ms: Expected to find element: `.color`, but never found it.",
                "estack": "AssertionError: Timed out retrying after 4000ms: Expected to find element: `.color`, but never found it.\n    at Context.eval (http://localhost:56613/__cypress/tests?p=cypress/integration/project.spec.js:148:8)",
                "diff": null
              },
              "uuid": "faf3bd33-441a-4c93-95e6-5412c0fb04c6",
              "parentUUID": "47f5afb3-035d-4115-a39f-a44015e650af",
              "isHook": false,
              "skipped": false
            },
            {
              "title": "Verifica se a paleta de cores está posicionada abaixo do título 'Paleta de Cores'",
              "fullTitle": "2 - Adicione à página uma paleta de quatro cores distintas. Verifica se a paleta de cores está posicionada abaixo do título 'Paleta de Cores'",
              "timedOut": null,
              "duration": 4252,
              "state": "failed",
              "speed": null,
              "pass": false,
              "fail": true,
              "pending": false,
              "context": null,
              "code": "cy.get('h1#title').then(title => {\n  cy.get('#color-palette').should('be.belowOf', title);\n});",
              "err": {
                "message": "AssertionError: Timed out retrying after 4000ms: Expected to find element: `#color-palette`, but never found it.",
                "estack": "AssertionError: Timed out retrying after 4000ms: Expected to find element: `#color-palette`, but never found it.\n    at Context.eval (http://localhost:56613/__cypress/tests?p=cypress/integration/project.spec.js:158:32)",
                "diff": null
              },
              "uuid": "173072e9-4073-463a-acaf-2b92fb2d106c",
              "parentUUID": "47f5afb3-035d-4115-a39f-a44015e650af",
              "isHook": false,
              "skipped": false
            },
            {
              "title": "Verifica se a paleta de cores não contém cores repetidas.",
              "fullTitle": "2 - Adicione à página uma paleta de quatro cores distintas. Verifica se a paleta de cores não contém cores repetidas.",
              "timedOut": null,
              "duration": 4200,
              "state": "failed",
              "speed": null,
              "pass": false,
              "fail": true,
              "pending": false,
              "context": null,
              "code": "cy.get('.color').then(colors => {\n  const allColors = Array.from(colors).map(color => Cypress.$(color).css('background-color'));\n  cy.log(allColors);\n  const uniqColors = [...new Set(allColors)];\n  cy.log(uniqColors);\n  expect(allColors.length).to.eq(uniqColors.length);\n});",
              "err": {
                "message": "AssertionError: Timed out retrying after 4000ms: Expected to find element: `.color`, but never found it.",
                "estack": "AssertionError: Timed out retrying after 4000ms: Expected to find element: `.color`, but never found it.\n    at Context.eval (http://localhost:56613/__cypress/tests?p=cypress/integration/project.spec.js:162:8)",
                "diff": null
              },
              "uuid": "0a0f6ac9-b52d-4c45-9edd-995a08225c70",
              "parentUUID": "47f5afb3-035d-4115-a39f-a44015e650af",
              "isHook": false,
              "skipped": false
            }
          ],
          "suites": [],
          "passes": [],
          "failures": [
            "3a9898bb-2927-40a8-9c10-e30bd8364acc",
            "665ba653-d120-45d5-b927-4fa7b3701a63",
            "98487a22-a1a0-449b-b298-1113269c4e30",
            "a532f487-2a2a-47cb-af11-a4af47607e70",
            "faf3bd33-441a-4c93-95e6-5412c0fb04c6",
            "173072e9-4073-463a-acaf-2b92fb2d106c",
            "0a0f6ac9-b52d-4c45-9edd-995a08225c70"
          ],
          "pending": [],
          "skipped": [],
          "duration": 29559,
          "root": false,
          "rootEmpty": false,
          "_timeout": 2000
        },
        {
          "uuid": "3467e1de-9a5b-4f92-a582-77d0829c5049",
          "title": "3 - Adicione a cor **preta** como a primeira cor da paleta de cores.",
          "fullFile": "",
          "file": "",
          "beforeHooks": [],
          "afterHooks": [],
          "tests": [
            {
              "title": "Verifica se a primeira cor da paleta é preta",
              "fullTitle": "3 - Adicione a cor **preta** como a primeira cor da paleta de cores. Verifica se a primeira cor da paleta é preta",
              "timedOut": null,
              "duration": 4296,
              "state": "failed",
              "speed": null,
              "pass": false,
              "fail": true,
              "pending": false,
              "context": null,
              "code": "cy.get('.color').first().should('have.css', 'background-color', BLACK);",
              "err": {
                "message": "AssertionError: Timed out retrying after 4000ms: Expected to find element: `.color`, but never found it.",
                "estack": "AssertionError: Timed out retrying after 4000ms: Expected to find element: `.color`, but never found it.\n    at Context.eval (http://localhost:56613/__cypress/tests?p=cypress/integration/project.spec.js:176:8)",
                "diff": null
              },
              "uuid": "e9d341ee-538e-45b9-98ba-cfdf9670f4b1",
              "parentUUID": "3467e1de-9a5b-4f92-a582-77d0829c5049",
              "isHook": false,
              "skipped": false
            },
            {
              "title": "Verifica se as demais cores podem ser escolhidas livremente.",
              "fullTitle": "3 - Adicione a cor **preta** como a primeira cor da paleta de cores. Verifica se as demais cores podem ser escolhidas livremente.",
              "timedOut": null,
              "duration": 4202,
              "state": "failed",
              "speed": null,
              "pass": false,
              "fail": true,
              "pending": false,
              "context": null,
              "code": "cy.get('.color').eq(1).should('not.have.css', 'background-color', BLACK);\ncy.get('.color').eq(1).should('not.have.css', 'background-color', WHITE);\ncy.get('.color').eq(1).should('not.have.css', 'background-color', 'rgba(0, 0, 0, 0)');\ncy.get('.color').eq(1).should('have.css', 'background-color');\ncy.get('.color').eq(2).should('not.have.css', 'background-color', BLACK);\ncy.get('.color').eq(2).should('not.have.css', 'background-color', WHITE);\ncy.get('.color').eq(2).should('not.have.css', 'background-color', 'rgba(0, 0, 0, 0)');\ncy.get('.color').eq(2).should('have.css', 'background-color');\ncy.get('.color').eq(3).should('not.have.css', 'background-color', BLACK);\ncy.get('.color').eq(3).should('not.have.css', 'background-color', WHITE);\ncy.get('.color').eq(3).should('not.have.css', 'background-color', 'rgba(0, 0, 0, 0)');\ncy.get('.color').eq(3).should('have.css', 'background-color');",
              "err": {
                "message": "AssertionError: Timed out retrying after 4000ms: Expected to find element: `.color`, but never found it.",
                "estack": "AssertionError: Timed out retrying after 4000ms: Expected to find element: `.color`, but never found it.\n    at Context.eval (http://localhost:56613/__cypress/tests?p=cypress/integration/project.spec.js:179:8)",
                "diff": null
              },
              "uuid": "4fedf497-a3df-4776-b38f-f519577f3776",
              "parentUUID": "3467e1de-9a5b-4f92-a582-77d0829c5049",
              "isHook": false,
              "skipped": false
            }
          ],
          "suites": [],
          "passes": [],
          "failures": [
            "e9d341ee-538e-45b9-98ba-cfdf9670f4b1",
            "4fedf497-a3df-4776-b38f-f519577f3776"
          ],
          "pending": [],
          "skipped": [],
          "duration": 8498,
          "root": false,
          "rootEmpty": false,
          "_timeout": 2000
        },
        {
          "uuid": "cb02c101-dc1e-472f-9a76-0f2c1e9f78cf",
          "title": "4 - Adicione à página um quadro de pixels, com 25 pixels.",
          "fullFile": "",
          "file": "",
          "beforeHooks": [],
          "afterHooks": [],
          "tests": [
            {
              "title": "Verifica se o quadro de pixels possui o `id` denominado `pixel-board`",
              "fullTitle": "4 - Adicione à página um quadro de pixels, com 25 pixels. Verifica se o quadro de pixels possui o `id` denominado `pixel-board`",
              "timedOut": null,
              "duration": 4202,
              "state": "failed",
              "speed": null,
              "pass": false,
              "fail": true,
              "pending": false,
              "context": null,
              "code": "cy.get('#pixel-board').should('be.visible');",
              "err": {
                "message": "AssertionError: Timed out retrying after 4000ms: Expected to find element: `#pixel-board`, but never found it.",
                "estack": "AssertionError: Timed out retrying after 4000ms: Expected to find element: `#pixel-board`, but never found it.\n    at Context.eval (http://localhost:56613/__cypress/tests?p=cypress/integration/project.spec.js:198:28)",
                "diff": null
              },
              "uuid": "5424d8d4-b220-4d25-a540-60117eb4962a",
              "parentUUID": "cb02c101-dc1e-472f-9a76-0f2c1e9f78cf",
              "isHook": false,
              "skipped": false
            },
            {
              "title": "Verifica se cada pixel individual dentro do quadro possui a `classe` denominada `pixel`.",
              "fullTitle": "4 - Adicione à página um quadro de pixels, com 25 pixels. Verifica se cada pixel individual dentro do quadro possui a `classe` denominada `pixel`.",
              "timedOut": null,
              "duration": 4247,
              "state": "failed",
              "speed": null,
              "pass": false,
              "fail": true,
              "pending": false,
              "context": null,
              "code": "cy.get('.pixel').should('have.length', 25);",
              "err": {
                "message": "AssertionError: Timed out retrying after 4000ms: Expected to find element: `.pixel`, but never found it.",
                "estack": "AssertionError: Timed out retrying after 4000ms: Expected to find element: `.pixel`, but never found it.\n    at Context.eval (http://localhost:56613/__cypress/tests?p=cypress/integration/project.spec.js:201:22)",
                "diff": null
              },
              "uuid": "58eb6919-c913-43f8-b39f-f7d214d98cd0",
              "parentUUID": "cb02c101-dc1e-472f-9a76-0f2c1e9f78cf",
              "isHook": false,
              "skipped": false
            },
            {
              "title": "Verifica se a cor inicial dos pixels dentro do quadro, ao abrir a página, é branca.",
              "fullTitle": "4 - Adicione à página um quadro de pixels, com 25 pixels. Verifica se a cor inicial dos pixels dentro do quadro, ao abrir a página, é branca.",
              "timedOut": null,
              "duration": 4150,
              "state": "failed",
              "speed": null,
              "pass": false,
              "fail": true,
              "pending": false,
              "context": null,
              "code": "cy.get('.pixel').should('have.length', 25).each(pixel => {\n  expect(pixel).to.have.css('background-color', WHITE);\n});",
              "err": {
                "message": "AssertionError: Timed out retrying after 4000ms: Expected to find element: `.pixel`, but never found it.",
                "estack": "AssertionError: Timed out retrying after 4000ms: Expected to find element: `.pixel`, but never found it.\n    at Context.eval (http://localhost:56613/__cypress/tests?p=cypress/integration/project.spec.js:204:22)",
                "diff": null
              },
              "uuid": "8276d538-6931-4559-b3a5-6f327a2498ea",
              "parentUUID": "cb02c101-dc1e-472f-9a76-0f2c1e9f78cf",
              "isHook": false,
              "skipped": false
            },
            {
              "title": "Verifica se o quadro de pixels aparece abaixo da paleta de cores",
              "fullTitle": "4 - Adicione à página um quadro de pixels, com 25 pixels. Verifica se o quadro de pixels aparece abaixo da paleta de cores",
              "timedOut": null,
              "duration": 4210,
              "state": "failed",
              "speed": null,
              "pass": false,
              "fail": true,
              "pending": false,
              "context": null,
              "code": "cy.get('#color-palette').then(palette => {\n  cy.get('#pixel-board').should('be.belowOf', palette);\n});",
              "err": {
                "message": "AssertionError: Timed out retrying after 4000ms: Expected to find element: `#color-palette`, but never found it.",
                "estack": "AssertionError: Timed out retrying after 4000ms: Expected to find element: `#color-palette`, but never found it.\n    at Context.eval (http://localhost:56613/__cypress/tests?p=cypress/integration/project.spec.js:209:8)",
                "diff": null
              },
              "uuid": "e6903534-20ed-4ed7-819c-be5bd0353677",
              "parentUUID": "cb02c101-dc1e-472f-9a76-0f2c1e9f78cf",
              "isHook": false,
              "skipped": false
            }
          ],
          "suites": [],
          "passes": [],
          "failures": [
            "5424d8d4-b220-4d25-a540-60117eb4962a",
            "58eb6919-c913-43f8-b39f-f7d214d98cd0",
            "8276d538-6931-4559-b3a5-6f327a2498ea",
            "e6903534-20ed-4ed7-819c-be5bd0353677"
          ],
          "pending": [],
          "skipped": [],
          "duration": 16809,
          "root": false,
          "rootEmpty": false,
          "_timeout": 2000
        },
        {
          "uuid": "d67d2d91-6ceb-4290-a320-55b66dca7aa8",
          "title": "5 - Faça com que cada elemento do quadro de pixels possua 40 pixels de largura, 40 pixels de altura e seja delimitado por uma borda preta de 1 pixel.",
          "fullFile": "",
          "file": "",
          "beforeHooks": [],
          "afterHooks": [],
          "tests": [
            {
              "title": "Verifica se o quadro de pixels tem altura e comprimento de 5 elementos",
              "fullTitle": "5 - Faça com que cada elemento do quadro de pixels possua 40 pixels de largura, 40 pixels de altura e seja delimitado por uma borda preta de 1 pixel. Verifica se o quadro de pixels tem altura e comprimento de 5 elementos",
              "timedOut": null,
              "duration": 4315,
              "state": "failed",
              "speed": null,
              "pass": false,
              "fail": true,
              "pending": false,
              "context": null,
              "code": "cy.get('.pixel').should('have.length', 25).each(pixel => {\n  expect(pixel).to.have.css('background-color', WHITE);\n}).and(pixels => {\n  const rows = chunk(pixels, 5);\n  rows.forEach(row => {\n    for (let index = 1; index < row.length; index += 1) {\n      const current = pixels[index];\n      const previous = pixels[index - 1];\n      cy.wrap(current).should('be.onTheRightOf', previous).and('be.horizontallyAlignedWith', previous);\n    }\n  });\n  for (let index = 1; index < 5; index += 1) {\n    expect(pixels[index * 5]).to.be.belowOf(pixels[(index - 1) * 5]);\n  }\n});",
              "err": {
                "message": "AssertionError: Timed out retrying after 4000ms: Expected to find element: `.pixel`, but never found it.",
                "estack": "AssertionError: Timed out retrying after 4000ms: Expected to find element: `.pixel`, but never found it.\n    at Context.eval (http://localhost:56613/__cypress/tests?p=cypress/integration/project.spec.js:219:22)",
                "diff": null
              },
              "uuid": "ea5e7eae-9c4c-478b-b3e1-7360e79bd243",
              "parentUUID": "d67d2d91-6ceb-4290-a320-55b66dca7aa8",
              "isHook": false,
              "skipped": false
            },
            {
              "title": "Verifica se 40 pixels é o tamanho total do elemento, incluindo seu conteúdo e excluindo a borda preta, que deve ser criada à parte.",
              "fullTitle": "5 - Faça com que cada elemento do quadro de pixels possua 40 pixels de largura, 40 pixels de altura e seja delimitado por uma borda preta de 1 pixel. Verifica se 40 pixels é o tamanho total do elemento, incluindo seu conteúdo e excluindo a borda preta, que deve ser criada à parte.",
              "timedOut": null,
              "duration": 4422,
              "state": "failed",
              "speed": null,
              "pass": false,
              "fail": true,
              "pending": false,
              "context": null,
              "code": "cy.get('.pixel').each(pixel => {\n  cy.wrap(pixel).should('have.css', 'height', '40px').and('have.css', 'width', '40px').and('have.css', 'border', `1px solid ${BLACK}`);\n});",
              "err": {
                "message": "AssertionError: Timed out retrying after 4000ms: Expected to find element: `.pixel`, but never found it.",
                "estack": "AssertionError: Timed out retrying after 4000ms: Expected to find element: `.pixel`, but never found it.\n    at Context.eval (http://localhost:56613/__cypress/tests?p=cypress/integration/project.spec.js:237:8)",
                "diff": null
              },
              "uuid": "eaf20525-afb8-4e7e-b9b0-ebe2bd0bcecd",
              "parentUUID": "d67d2d91-6ceb-4290-a320-55b66dca7aa8",
              "isHook": false,
              "skipped": false
            }
          ],
          "suites": [],
          "passes": [],
          "failures": [
            "ea5e7eae-9c4c-478b-b3e1-7360e79bd243",
            "eaf20525-afb8-4e7e-b9b0-ebe2bd0bcecd"
          ],
          "pending": [],
          "skipped": [],
          "duration": 8737,
          "root": false,
          "rootEmpty": false,
          "_timeout": 2000
        },
        {
          "uuid": "9deb34a9-ed7f-4157-b1ed-6924881f3ae6",
          "title": "6 - Defina a cor preta como cor inicial. Ao carregar a página a cor preta já deve estar selecionada para pintar os pixels",
          "fullFile": "",
          "file": "",
          "beforeHooks": [],
          "afterHooks": [],
          "tests": [
            {
              "title": "Verifica se o elemento da cor preta possui, inicialmente, a `classe` `selected`",
              "fullTitle": "6 - Defina a cor preta como cor inicial. Ao carregar a página a cor preta já deve estar selecionada para pintar os pixels Verifica se o elemento da cor preta possui, inicialmente, a `classe` `selected`",
              "timedOut": null,
              "duration": 4347,
              "state": "failed",
              "speed": null,
              "pass": false,
              "fail": true,
              "pending": false,
              "context": null,
              "code": "cy.get('.selected').first().should('have.css', 'background-color', BLACK);",
              "err": {
                "message": "AssertionError: Timed out retrying after 4000ms: Expected to find element: `.selected`, but never found it.",
                "estack": "AssertionError: Timed out retrying after 4000ms: Expected to find element: `.selected`, but never found it.\n    at Context.eval (http://localhost:56613/__cypress/tests?p=cypress/integration/project.spec.js:247:8)",
                "diff": null
              },
              "uuid": "24d41a97-d0a2-4e61-ad1b-714924a2f61f",
              "parentUUID": "9deb34a9-ed7f-4157-b1ed-6924881f3ae6",
              "isHook": false,
              "skipped": false
            },
            {
              "title": "Verifica se nenhuma outra cor da paleta tem a `classe` `selected`",
              "fullTitle": "6 - Defina a cor preta como cor inicial. Ao carregar a página a cor preta já deve estar selecionada para pintar os pixels Verifica se nenhuma outra cor da paleta tem a `classe` `selected`",
              "timedOut": null,
              "duration": 4244,
              "state": "failed",
              "speed": null,
              "pass": false,
              "fail": true,
              "pending": false,
              "context": null,
              "code": "cy.get('.color:not(:first-child)').each(color => {\n  cy.wrap(color).should('not.have.class', 'selected');\n});",
              "err": {
                "message": "AssertionError: Timed out retrying after 4000ms: Expected to find element: `.color:not(:first-child)`, but never found it.",
                "estack": "AssertionError: Timed out retrying after 4000ms: Expected to find element: `.color:not(:first-child)`, but never found it.\n    at Context.eval (http://localhost:56613/__cypress/tests?p=cypress/integration/project.spec.js:250:8)",
                "diff": null
              },
              "uuid": "85aa601e-da02-4420-b2b4-e729ecb1c664",
              "parentUUID": "9deb34a9-ed7f-4157-b1ed-6924881f3ae6",
              "isHook": false,
              "skipped": false
            }
          ],
          "suites": [],
          "passes": [],
          "failures": [
            "24d41a97-d0a2-4e61-ad1b-714924a2f61f",
            "85aa601e-da02-4420-b2b4-e729ecb1c664"
          ],
          "pending": [],
          "skipped": [],
          "duration": 8591,
          "root": false,
          "rootEmpty": false,
          "_timeout": 2000
        },
        {
          "uuid": "be4cecfb-9d65-415b-a96c-9dcfb4ee30c9",
          "title": "7 - Clicar em uma das cores da paleta, faz com que ela seja selecionada e utilizada para preencher os pixels no quadro.",
          "fullFile": "",
          "file": "",
          "beforeHooks": [],
          "afterHooks": [],
          "tests": [
            {
              "title": "Verifica se somente uma cor da paleta de cores tem a classe `selected` de cada vez",
              "fullTitle": "7 - Clicar em uma das cores da paleta, faz com que ela seja selecionada e utilizada para preencher os pixels no quadro. Verifica se somente uma cor da paleta de cores tem a classe `selected` de cada vez",
              "timedOut": null,
              "duration": 4306,
              "state": "failed",
              "speed": null,
              "pass": false,
              "fail": true,
              "pending": false,
              "context": null,
              "code": "cy.get('.color').each((selectedColor, selectedColorIndex) => {\n  cy.wrap(selectedColor).click();\n  cy.get('.color').each((color, colorIndex) => {\n    if (colorIndex === selectedColorIndex) {\n      expect(color).to.have.class('selected');\n    } else {\n      expect(color).not.to.have.class('selected');\n    }\n  });\n});",
              "err": {
                "message": "AssertionError: Timed out retrying after 4000ms: Expected to find element: `.color`, but never found it.",
                "estack": "AssertionError: Timed out retrying after 4000ms: Expected to find element: `.color`, but never found it.\n    at Context.eval (http://localhost:56613/__cypress/tests?p=cypress/integration/project.spec.js:260:8)",
                "diff": null
              },
              "uuid": "6e26316c-bf60-4c3d-8e0f-9f5dc807aba7",
              "parentUUID": "be4cecfb-9d65-415b-a96c-9dcfb4ee30c9",
              "isHook": false,
              "skipped": false
            },
            {
              "title": "Verifica se os pixels dentro do quadro não têm a classe `selected` quando são clicados",
              "fullTitle": "7 - Clicar em uma das cores da paleta, faz com que ela seja selecionada e utilizada para preencher os pixels no quadro. Verifica se os pixels dentro do quadro não têm a classe `selected` quando são clicados",
              "timedOut": null,
              "duration": 4406,
              "state": "failed",
              "speed": null,
              "pass": false,
              "fail": true,
              "pending": false,
              "context": null,
              "code": "cy.get('.color').each(color => {\n  const backgroundColor = color.css('background-color');\n  cy.wrap(color).click();\n  cy.get('.pixel').each(pixel => {\n    cy.wrap(pixel).click().should('not.have.class', 'selected');\n  });\n});",
              "err": {
                "message": "AssertionError: Timed out retrying after 4000ms: Expected to find element: `.color`, but never found it.",
                "estack": "AssertionError: Timed out retrying after 4000ms: Expected to find element: `.color`, but never found it.\n    at Context.eval (http://localhost:56613/__cypress/tests?p=cypress/integration/project.spec.js:272:8)",
                "diff": null
              },
              "uuid": "80250a7e-d9d8-4f28-a287-8120e54caa41",
              "parentUUID": "be4cecfb-9d65-415b-a96c-9dcfb4ee30c9",
              "isHook": false,
              "skipped": false
            }
          ],
          "suites": [],
          "passes": [],
          "failures": [
            "6e26316c-bf60-4c3d-8e0f-9f5dc807aba7",
            "80250a7e-d9d8-4f28-a287-8120e54caa41"
          ],
          "pending": [],
          "skipped": [],
          "duration": 8712,
          "root": false,
          "rootEmpty": false,
          "_timeout": 2000
        },
        {
          "uuid": "baa2dfee-ad1a-4cd7-b146-b4646e2a7f8d",
          "title": "8 - Clicar em um pixel dentro do quadro após selecionar uma cor na paleta, faz com que o pixel seja preenchido com a cor selecionada.",
          "fullFile": "",
          "file": "",
          "beforeHooks": [],
          "afterHooks": [],
          "tests": [
            {
              "title": "Verifica se ao carregar a página deve ser possível pintar os pixels de preto",
              "fullTitle": "8 - Clicar em um pixel dentro do quadro após selecionar uma cor na paleta, faz com que o pixel seja preenchido com a cor selecionada. Verifica se ao carregar a página deve ser possível pintar os pixels de preto",
              "timedOut": null,
              "duration": 4291,
              "state": "failed",
              "speed": null,
              "pass": false,
              "fail": true,
              "pending": false,
              "context": null,
              "code": "cy.get('.pixel').each(pixel => {\n  cy.wrap(pixel).click().should('have.css', 'background-color', BLACK);\n});",
              "err": {
                "message": "AssertionError: Timed out retrying after 4000ms: Expected to find element: `.pixel`, but never found it.",
                "estack": "AssertionError: Timed out retrying after 4000ms: Expected to find element: `.pixel`, but never found it.\n    at Context.eval (http://localhost:56613/__cypress/tests?p=cypress/integration/project.spec.js:286:8)",
                "diff": null
              },
              "uuid": "8b1ba643-c6fa-45d9-a429-0cdee229edf3",
              "parentUUID": "baa2dfee-ad1a-4cd7-b146-b4646e2a7f8d",
              "isHook": false,
              "skipped": false
            },
            {
              "title": "Verifica se após selecionar uma outra cor na paleta, é possível pintar os pixels com essa cor",
              "fullTitle": "8 - Clicar em um pixel dentro do quadro após selecionar uma cor na paleta, faz com que o pixel seja preenchido com a cor selecionada. Verifica se após selecionar uma outra cor na paleta, é possível pintar os pixels com essa cor",
              "timedOut": null,
              "duration": 4410,
              "state": "failed",
              "speed": null,
              "pass": false,
              "fail": true,
              "pending": false,
              "context": null,
              "code": "cy.get('.color').each(color => {\n  const backgroundColor = color.css('background-color');\n  cy.wrap(color).click();\n  cy.get('.pixel').each(pixel => {\n    cy.wrap(pixel).click().should('have.css', 'background-color', backgroundColor);\n  });\n});",
              "err": {
                "message": "AssertionError: Timed out retrying after 4000ms: Expected to find element: `.color`, but never found it.",
                "estack": "AssertionError: Timed out retrying after 4000ms: Expected to find element: `.color`, but never found it.\n    at Context.eval (http://localhost:56613/__cypress/tests?p=cypress/integration/project.spec.js:291:8)",
                "diff": null
              },
              "uuid": "8810948d-1915-461c-a9e2-dccb64d05459",
              "parentUUID": "baa2dfee-ad1a-4cd7-b146-b4646e2a7f8d",
              "isHook": false,
              "skipped": false
            },
            {
              "title": "Verifica se somente o pixel que foi clicado foi preenchido com a cor selecionada, sem influenciar na cor dos demais pixels.",
              "fullTitle": "8 - Clicar em um pixel dentro do quadro após selecionar uma cor na paleta, faz com que o pixel seja preenchido com a cor selecionada. Verifica se somente o pixel que foi clicado foi preenchido com a cor selecionada, sem influenciar na cor dos demais pixels.",
              "timedOut": null,
              "duration": 4310,
              "state": "failed",
              "speed": null,
              "pass": false,
              "fail": true,
              "pending": false,
              "context": null,
              "code": "const colorToPixelIndexMap = {\n  0: 6,\n  1: 8,\n  2: 16,\n  3: 18\n};\ncy.get('.color').each((color, index) => {\n  cy.wrap(color).click();\n  const backgroundColor = color.css('background-color');\n  const clickedPixelIndex = colorToPixelIndexMap[index];\n  cy.get('.pixel').eq(clickedPixelIndex).click();\n  cy.get('.pixel').eq(clickedPixelIndex - 1).should('not.have.css', 'background-color', backgroundColor);\n  cy.get('.pixel').eq(clickedPixelIndex + 1).should('not.have.css', 'background-color', backgroundColor);\n  cy.get('.pixel').eq(clickedPixelIndex - 5).should('not.have.css', 'background-color', backgroundColor);\n  cy.get('.pixel').eq(clickedPixelIndex + 5).should('not.have.css', 'background-color', backgroundColor);\n  cy.get('.pixel').eq(clickedPixelIndex - 6).should('not.have.css', 'background-color', backgroundColor);\n  cy.get('.pixel').eq(clickedPixelIndex - 4).should('not.have.css', 'background-color', backgroundColor);\n  cy.get('.pixel').eq(clickedPixelIndex + 4).should('not.have.css', 'background-color', backgroundColor);\n  cy.get('.pixel').eq(clickedPixelIndex + 6).should('not.have.css', 'background-color', backgroundColor);\n});",
              "err": {
                "message": "AssertionError: Timed out retrying after 4000ms: Expected to find element: `.color`, but never found it.",
                "estack": "AssertionError: Timed out retrying after 4000ms: Expected to find element: `.color`, but never found it.\n    at Context.eval (http://localhost:56613/__cypress/tests?p=cypress/integration/project.spec.js:306:8)",
                "diff": null
              },
              "uuid": "e6058ba9-6752-452d-8905-178cdfcaa61f",
              "parentUUID": "baa2dfee-ad1a-4cd7-b146-b4646e2a7f8d",
              "isHook": false,
              "skipped": false
            }
          ],
          "suites": [],
          "passes": [],
          "failures": [
            "8b1ba643-c6fa-45d9-a429-0cdee229edf3",
            "8810948d-1915-461c-a9e2-dccb64d05459",
            "e6058ba9-6752-452d-8905-178cdfcaa61f"
          ],
          "pending": [],
          "skipped": [],
          "duration": 13011,
          "root": false,
          "rootEmpty": false,
          "_timeout": 2000
        },
        {
          "uuid": "55841dfc-1133-4fa2-be70-4d9837619637",
          "title": "9 - Crie um botão que, ao ser clicado, limpa o quadro preenchendo a cor de todos seus pixels com branco.",
          "fullFile": "",
          "file": "",
          "beforeHooks": [],
          "afterHooks": [],
          "tests": [
            {
              "title": "Verifica se o botão tem o `id` denominado `clear-board`",
              "fullTitle": "9 - Crie um botão que, ao ser clicado, limpa o quadro preenchendo a cor de todos seus pixels com branco. Verifica se o botão tem o `id` denominado `clear-board`",
              "timedOut": null,
              "duration": 4354,
              "state": "failed",
              "speed": null,
              "pass": false,
              "fail": true,
              "pending": false,
              "context": null,
              "code": "cy.get('#clear-board').should('be.visible');",
              "err": {
                "message": "AssertionError: Timed out retrying after 4000ms: Expected to find element: `#clear-board`, but never found it.",
                "estack": "AssertionError: Timed out retrying after 4000ms: Expected to find element: `#clear-board`, but never found it.\n    at Context.eval (http://localhost:56613/__cypress/tests?p=cypress/integration/project.spec.js:327:28)",
                "diff": null
              },
              "uuid": "ab2488a2-e668-4cdc-a647-25af46dadeb5",
              "parentUUID": "55841dfc-1133-4fa2-be70-4d9837619637",
              "isHook": false,
              "skipped": false
            },
            {
              "title": "Verifica se o botão está posicionado entre a paleta de cores e o quadro de pixels",
              "fullTitle": "9 - Crie um botão que, ao ser clicado, limpa o quadro preenchendo a cor de todos seus pixels com branco. Verifica se o botão está posicionado entre a paleta de cores e o quadro de pixels",
              "timedOut": null,
              "duration": 4450,
              "state": "failed",
              "speed": null,
              "pass": false,
              "fail": true,
              "pending": false,
              "context": null,
              "code": "cy.get('#color-palette').then(palette => {\n  cy.get('#clear-board').should('be.belowOf', palette);\n});\ncy.get('#clear-board').then(clearBtn => {\n  cy.get('#pixel-board').should('be.belowOf', clearBtn);\n});",
              "err": {
                "message": "AssertionError: Timed out retrying after 4000ms: Expected to find element: `#color-palette`, but never found it.",
                "estack": "AssertionError: Timed out retrying after 4000ms: Expected to find element: `#color-palette`, but never found it.\n    at Context.eval (http://localhost:56613/__cypress/tests?p=cypress/integration/project.spec.js:330:8)",
                "diff": null
              },
              "uuid": "a537051c-35b7-4907-8f89-54a22476843c",
              "parentUUID": "55841dfc-1133-4fa2-be70-4d9837619637",
              "isHook": false,
              "skipped": false
            },
            {
              "title": "Verifica se o texto do botão é 'Limpar'",
              "fullTitle": "9 - Crie um botão que, ao ser clicado, limpa o quadro preenchendo a cor de todos seus pixels com branco. Verifica se o texto do botão é 'Limpar'",
              "timedOut": null,
              "duration": 4261,
              "state": "failed",
              "speed": null,
              "pass": false,
              "fail": true,
              "pending": false,
              "context": null,
              "code": "cy.get('#clear-board').should('contain.text', 'Limpar');",
              "err": {
                "message": "AssertionError: Timed out retrying after 4000ms: Expected to find element: `#clear-board`, but never found it.",
                "estack": "AssertionError: Timed out retrying after 4000ms: Expected to find element: `#clear-board`, but never found it.\n    at Context.eval (http://localhost:56613/__cypress/tests?p=cypress/integration/project.spec.js:338:28)",
                "diff": null
              },
              "uuid": "ed7956af-d170-4ff6-8be6-7004edbc49dc",
              "parentUUID": "55841dfc-1133-4fa2-be70-4d9837619637",
              "isHook": false,
              "skipped": false
            },
            {
              "title": "Verifica se ao clicar no botão, o quadro de pixels é totalmente preenchido de branco",
              "fullTitle": "9 - Crie um botão que, ao ser clicado, limpa o quadro preenchendo a cor de todos seus pixels com branco. Verifica se ao clicar no botão, o quadro de pixels é totalmente preenchido de branco",
              "timedOut": null,
              "duration": 4291,
              "state": "failed",
              "speed": null,
              "pass": false,
              "fail": true,
              "pending": false,
              "context": null,
              "code": "cy.get('.color').eq(1).then(color => {\n  const backgroundColor = color.css('background-color');\n  cy.wrap(color).click();\n  cy.get('.pixel').each(pixel => {\n    cy.wrap(pixel).click().should('have.css', 'background-color', backgroundColor);\n  });\n});\ncy.get('#clear-board').click();\ncy.get('.pixel').each(pixel => {\n  cy.wrap(pixel).should('have.css', 'background-color', WHITE);\n});",
              "err": {
                "message": "AssertionError: Timed out retrying after 4000ms: Expected to find element: `.color`, but never found it.",
                "estack": "AssertionError: Timed out retrying after 4000ms: Expected to find element: `.color`, but never found it.\n    at Context.eval (http://localhost:56613/__cypress/tests?p=cypress/integration/project.spec.js:341:8)",
                "diff": null
              },
              "uuid": "f1720099-3c4f-45d6-9b00-7fa46e5b713c",
              "parentUUID": "55841dfc-1133-4fa2-be70-4d9837619637",
              "isHook": false,
              "skipped": false
            }
          ],
          "suites": [],
          "passes": [],
          "failures": [
            "ab2488a2-e668-4cdc-a647-25af46dadeb5",
            "a537051c-35b7-4907-8f89-54a22476843c",
            "ed7956af-d170-4ff6-8be6-7004edbc49dc",
            "f1720099-3c4f-45d6-9b00-7fa46e5b713c"
          ],
          "pending": [],
          "skipped": [],
          "duration": 17356,
          "root": false,
          "rootEmpty": false,
          "_timeout": 2000
        },
        {
          "uuid": "e4042ad9-d350-4b87-9626-5cffa02d76b6",
          "title": "10 - Faça o quadro de pixels ter seu tamanho definido pelo usuário.",
          "fullFile": "",
          "file": "",
          "beforeHooks": [],
          "afterHooks": [],
          "tests": [
            {
              "title": "Verifica se existe um input com o id `board-size`",
              "fullTitle": "10 - Faça o quadro de pixels ter seu tamanho definido pelo usuário. Verifica se existe um input com o id `board-size`",
              "timedOut": null,
              "duration": 4560,
              "state": "failed",
              "speed": null,
              "pass": false,
              "fail": true,
              "pending": false,
              "context": null,
              "code": "cy.get('#board-size').should('be.visible');",
              "err": {
                "message": "AssertionError: Timed out retrying after 4000ms: Expected to find element: `#board-size`, but never found it.",
                "estack": "AssertionError: Timed out retrying after 4000ms: Expected to find element: `#board-size`, but never found it.\n    at Context.eval (http://localhost:56613/__cypress/tests?p=cypress/integration/project.spec.js:359:27)",
                "diff": null
              },
              "uuid": "c1f28a62-e94a-4cda-bc4f-d2cb91a12cb1",
              "parentUUID": "e4042ad9-d350-4b87-9626-5cffa02d76b6",
              "isHook": false,
              "skipped": false
            },
            {
              "title": "Verifica se existe um botão com o id `generate-board`",
              "fullTitle": "10 - Faça o quadro de pixels ter seu tamanho definido pelo usuário. Verifica se existe um botão com o id `generate-board`",
              "timedOut": null,
              "duration": 4682,
              "state": "failed",
              "speed": null,
              "pass": false,
              "fail": true,
              "pending": false,
              "context": null,
              "code": "cy.get('#generate-board').should('be.visible');",
              "err": {
                "message": "AssertionError: Timed out retrying after 4000ms: Expected to find element: `#generate-board`, but never found it.",
                "estack": "AssertionError: Timed out retrying after 4000ms: Expected to find element: `#generate-board`, but never found it.\n    at Context.eval (http://localhost:56613/__cypress/tests?p=cypress/integration/project.spec.js:362:31)",
                "diff": null
              },
              "uuid": "2ba74be4-e8f7-4731-81c0-a939330423a1",
              "parentUUID": "e4042ad9-d350-4b87-9626-5cffa02d76b6",
              "isHook": false,
              "skipped": false
            },
            {
              "title": "Verifica se o input só aceita número maiores que zero. Essa restrição deve ser feita usando os atributos do elemento `input`",
              "fullTitle": "10 - Faça o quadro de pixels ter seu tamanho definido pelo usuário. Verifica se o input só aceita número maiores que zero. Essa restrição deve ser feita usando os atributos do elemento `input`",
              "timedOut": null,
              "duration": 4338,
              "state": "failed",
              "speed": null,
              "pass": false,
              "fail": true,
              "pending": false,
              "context": null,
              "code": "cy.get('#board-size[type=\\'number\\'][min=\\'1\\']');",
              "err": {
                "message": "AssertionError: Timed out retrying after 4000ms: Expected to find element: `#board-size[type='number'][min='1']`, but never found it.",
                "estack": "AssertionError: Timed out retrying after 4000ms: Expected to find element: `#board-size[type='number'][min='1']`, but never found it.\n    at Context.eval (http://localhost:56613/__cypress/tests?p=cypress/integration/project.spec.js:365:8)",
                "diff": null
              },
              "uuid": "91c5f169-0504-422c-9931-07237636050d",
              "parentUUID": "e4042ad9-d350-4b87-9626-5cffa02d76b6",
              "isHook": false,
              "skipped": false
            },
            {
              "title": "Verifica se o botão contém o texto 'VQV'",
              "fullTitle": "10 - Faça o quadro de pixels ter seu tamanho definido pelo usuário. Verifica se o botão contém o texto 'VQV'",
              "timedOut": null,
              "duration": 4287,
              "state": "failed",
              "speed": null,
              "pass": false,
              "fail": true,
              "pending": false,
              "context": null,
              "code": "cy.get('#generate-board').contains(/vqv/i);",
              "err": {
                "message": "AssertionError: Timed out retrying after 4000ms: Expected to find element: `#generate-board`, but never found it.",
                "estack": "AssertionError: Timed out retrying after 4000ms: Expected to find element: `#generate-board`, but never found it.\n    at Context.eval (http://localhost:56613/__cypress/tests?p=cypress/integration/project.spec.js:368:8)",
                "diff": null
              },
              "uuid": "d08acc8c-a00c-4f33-85ae-cb3c90b43e35",
              "parentUUID": "e4042ad9-d350-4b87-9626-5cffa02d76b6",
              "isHook": false,
              "skipped": false
            },
            {
              "title": "Verifica se o input está posicionado entre a paleta de cores e o quadro de pixels",
              "fullTitle": "10 - Faça o quadro de pixels ter seu tamanho definido pelo usuário. Verifica se o input está posicionado entre a paleta de cores e o quadro de pixels",
              "timedOut": null,
              "duration": 4313,
              "state": "failed",
              "speed": null,
              "pass": false,
              "fail": true,
              "pending": false,
              "context": null,
              "code": "cy.get('#color-palette').then(palette => {\n  cy.get('#board-size').should('be.belowOf', palette);\n});\ncy.get('#board-size').then(palette => {\n  cy.get('#pixel-board').should('be.belowOf', palette);\n});",
              "err": {
                "message": "AssertionError: Timed out retrying after 4000ms: Expected to find element: `#color-palette`, but never found it.",
                "estack": "AssertionError: Timed out retrying after 4000ms: Expected to find element: `#color-palette`, but never found it.\n    at Context.eval (http://localhost:56613/__cypress/tests?p=cypress/integration/project.spec.js:371:8)",
                "diff": null
              },
              "uuid": "d79f4e12-5d95-4edf-a51c-7d053ac92753",
              "parentUUID": "e4042ad9-d350-4b87-9626-5cffa02d76b6",
              "isHook": false,
              "skipped": false
            },
            {
              "title": "Verifica se o botão está posicionado ao lado do input",
              "fullTitle": "10 - Faça o quadro de pixels ter seu tamanho definido pelo usuário. Verifica se o botão está posicionado ao lado do input",
              "timedOut": null,
              "duration": 4244,
              "state": "failed",
              "speed": null,
              "pass": false,
              "fail": true,
              "pending": false,
              "context": null,
              "code": "cy.get('#board-size').then(board => {\n  cy.get('#generate-board').should('be.onTheRightOf', board);\n});",
              "err": {
                "message": "AssertionError: Timed out retrying after 4000ms: Expected to find element: `#board-size`, but never found it.",
                "estack": "AssertionError: Timed out retrying after 4000ms: Expected to find element: `#board-size`, but never found it.\n    at Context.eval (http://localhost:56613/__cypress/tests?p=cypress/integration/project.spec.js:379:8)",
                "diff": null
              },
              "uuid": "e2ae7154-1de7-44fb-8471-729a9ec86d30",
              "parentUUID": "e4042ad9-d350-4b87-9626-5cffa02d76b6",
              "isHook": false,
              "skipped": false
            },
            {
              "title": "Verifica se nenhum valor for colocado no input ao clicar no botão, um `alert` é exibido com o texto: 'Board inválido!'",
              "fullTitle": "10 - Faça o quadro de pixels ter seu tamanho definido pelo usuário. Verifica se nenhum valor for colocado no input ao clicar no botão, um `alert` é exibido com o texto: 'Board inválido!'",
              "timedOut": null,
              "duration": 4241,
              "state": "failed",
              "speed": null,
              "pass": false,
              "fail": true,
              "pending": false,
              "context": null,
              "code": "let alerted = false;\ncy.on('window:alert', msg => alerted = msg);\ncy.get('#generate-board').click().then(() => expect(alerted).to.match(/Board inválido!/i));",
              "err": {
                "message": "AssertionError: Timed out retrying after 4000ms: Expected to find element: `#generate-board`, but never found it.",
                "estack": "AssertionError: Timed out retrying after 4000ms: Expected to find element: `#generate-board`, but never found it.\n    at Context.eval (http://localhost:56613/__cypress/tests?p=cypress/integration/project.spec.js:386:8)",
                "diff": null
              },
              "uuid": "a14788f1-da75-4ad1-8b00-c9cfb61e8e53",
              "parentUUID": "e4042ad9-d350-4b87-9626-5cffa02d76b6",
              "isHook": false,
              "skipped": false
            },
            {
              "title": "Verifica se ao clicar no botão com um valor preenchido, o tamanho do board muda.",
              "fullTitle": "10 - Faça o quadro de pixels ter seu tamanho definido pelo usuário. Verifica se ao clicar no botão com um valor preenchido, o tamanho do board muda.",
              "timedOut": null,
              "duration": 4565,
              "state": "failed",
              "speed": null,
              "pass": false,
              "fail": true,
              "pending": false,
              "context": null,
              "code": "cy.get('#board-size').clear().type(10);\ncy.get('#generate-board').click();\ncy.get('.pixel').should('have.length', 100);",
              "err": {
                "message": "AssertionError: Timed out retrying after 4000ms: Expected to find element: `#board-size`, but never found it.",
                "estack": "AssertionError: Timed out retrying after 4000ms: Expected to find element: `#board-size`, but never found it.\n    at Context.eval (http://localhost:56613/__cypress/tests?p=cypress/integration/project.spec.js:389:8)",
                "diff": null
              },
              "uuid": "0b706d1b-b116-4b33-8f4d-73633443b5c5",
              "parentUUID": "e4042ad9-d350-4b87-9626-5cffa02d76b6",
              "isHook": false,
              "skipped": false
            },
            {
              "title": "Verifica se o novo quadro tem todos os pixels preenchidos com a cor branca",
              "fullTitle": "10 - Faça o quadro de pixels ter seu tamanho definido pelo usuário. Verifica se o novo quadro tem todos os pixels preenchidos com a cor branca",
              "timedOut": null,
              "duration": 4268,
              "state": "failed",
              "speed": null,
              "pass": false,
              "fail": true,
              "pending": false,
              "context": null,
              "code": "cy.get('#board-size').clear().type(6);\ncy.get('#generate-board').click();\ncy.get('.pixel').should('have.length', 36).each(pixel => {\n  expect(pixel).to.have.css('background-color', WHITE);\n});",
              "err": {
                "message": "AssertionError: Timed out retrying after 4000ms: Expected to find element: `#board-size`, but never found it.",
                "estack": "AssertionError: Timed out retrying after 4000ms: Expected to find element: `#board-size`, but never found it.\n    at Context.eval (http://localhost:56613/__cypress/tests?p=cypress/integration/project.spec.js:394:8)",
                "diff": null
              },
              "uuid": "9e5a4b74-6cca-4446-a2b8-47bf4e3dd2cd",
              "parentUUID": "e4042ad9-d350-4b87-9626-5cffa02d76b6",
              "isHook": false,
              "skipped": false
            }
          ],
          "suites": [],
          "passes": [],
          "failures": [
            "c1f28a62-e94a-4cda-bc4f-d2cb91a12cb1",
            "2ba74be4-e8f7-4731-81c0-a939330423a1",
            "91c5f169-0504-422c-9931-07237636050d",
            "d08acc8c-a00c-4f33-85ae-cb3c90b43e35",
            "d79f4e12-5d95-4edf-a51c-7d053ac92753",
            "e2ae7154-1de7-44fb-8471-729a9ec86d30",
            "a14788f1-da75-4ad1-8b00-c9cfb61e8e53",
            "0b706d1b-b116-4b33-8f4d-73633443b5c5",
            "9e5a4b74-6cca-4446-a2b8-47bf4e3dd2cd"
          ],
          "pending": [],
          "skipped": [],
          "duration": 39498,
          "root": false,
          "rootEmpty": false,
          "_timeout": 2000
        },
        {
          "uuid": "d01ddfb8-53fe-4093-aa4f-67b6fbdf0502",
          "title": "11 - Limite o tamanho mínimo e máximo do board.",
          "fullFile": "",
          "file": "",
          "beforeHooks": [],
          "afterHooks": [],
          "tests": [
            {
              "title": "Verifica se a altura máxima do board é 50",
              "fullTitle": "11 - Limite o tamanho mínimo e máximo do board. Verifica se a altura máxima do board é 50",
              "timedOut": null,
              "duration": 4324,
              "state": "failed",
              "speed": null,
              "pass": false,
              "fail": true,
              "pending": false,
              "context": null,
              "code": "cy.get('#board-size').clear().type(50);\ncy.get('#generate-board').click();\ncy.get('.pixel').should('have.length', 2500);",
              "err": {
                "message": "AssertionError: Timed out retrying after 4000ms: Expected to find element: `#board-size`, but never found it.",
                "estack": "AssertionError: Timed out retrying after 4000ms: Expected to find element: `#board-size`, but never found it.\n    at Context.eval (http://localhost:56613/__cypress/tests?p=cypress/integration/project.spec.js:406:8)",
                "diff": null
              },
              "uuid": "6767373d-999b-408f-aaf8-855ffb3dbc22",
              "parentUUID": "d01ddfb8-53fe-4093-aa4f-67b6fbdf0502",
              "isHook": false,
              "skipped": false
            },
            {
              "title": "Verifica se a altura do board é 5 quando um valor menor é colocado no input",
              "fullTitle": "11 - Limite o tamanho mínimo e máximo do board. Verifica se a altura do board é 5 quando um valor menor é colocado no input",
              "timedOut": null,
              "duration": 4567,
              "state": "failed",
              "speed": null,
              "pass": false,
              "fail": true,
              "pending": false,
              "context": null,
              "code": "cy.get('#board-size').clear().type(4);\ncy.get('#generate-board').click();\ncy.get('.pixel').should('have.length', 25);",
              "err": {
                "message": "AssertionError: Timed out retrying after 4000ms: Expected to find element: `#board-size`, but never found it.",
                "estack": "AssertionError: Timed out retrying after 4000ms: Expected to find element: `#board-size`, but never found it.\n    at Context.eval (http://localhost:56613/__cypress/tests?p=cypress/integration/project.spec.js:411:8)",
                "diff": null
              },
              "uuid": "d8844716-05a7-4506-b968-59195ed39af2",
              "parentUUID": "d01ddfb8-53fe-4093-aa4f-67b6fbdf0502",
              "isHook": false,
              "skipped": false
            },
            {
              "title": "Verifica se a altura do board é 50 quando um valor maior é colocado no input",
              "fullTitle": "11 - Limite o tamanho mínimo e máximo do board. Verifica se a altura do board é 50 quando um valor maior é colocado no input",
              "timedOut": null,
              "duration": 4388,
              "state": "failed",
              "speed": null,
              "pass": false,
              "fail": true,
              "pending": false,
              "context": null,
              "code": "cy.get('#board-size').clear().type(51);\ncy.get('#generate-board').click();\ncy.get('.pixel').should('have.length', 2500);",
              "err": {
                "message": "AssertionError: Timed out retrying after 4000ms: Expected to find element: `#board-size`, but never found it.",
                "estack": "AssertionError: Timed out retrying after 4000ms: Expected to find element: `#board-size`, but never found it.\n    at Context.eval (http://localhost:56613/__cypress/tests?p=cypress/integration/project.spec.js:416:8)",
                "diff": null
              },
              "uuid": "5085bc8e-310c-4424-8c2a-06ced375839b",
              "parentUUID": "d01ddfb8-53fe-4093-aa4f-67b6fbdf0502",
              "isHook": false,
              "skipped": false
            }
          ],
          "suites": [],
          "passes": [],
          "failures": [
            "6767373d-999b-408f-aaf8-855ffb3dbc22",
            "d8844716-05a7-4506-b968-59195ed39af2",
            "5085bc8e-310c-4424-8c2a-06ced375839b"
          ],
          "pending": [],
          "skipped": [],
          "duration": 13279,
          "root": false,
          "rootEmpty": false,
          "_timeout": 2000
        },
        {
          "uuid": "01ebe981-05ec-4222-9930-76e2c3f553e1",
          "title": "12 - Faça com que as cores da paleta sejam geradas aleatoriamente ao carregar a página.",
          "fullFile": "",
          "file": "",
          "beforeHooks": [],
          "afterHooks": [],
          "tests": [
            {
              "title": "Verifica se as cores geradas na paleta são diferentes a cada carregamento da página",
              "fullTitle": "12 - Faça com que as cores da paleta sejam geradas aleatoriamente ao carregar a página. Verifica se as cores geradas na paleta são diferentes a cada carregamento da página",
              "timedOut": null,
              "duration": 4321,
              "state": "failed",
              "speed": null,
              "pass": false,
              "fail": true,
              "pending": false,
              "context": null,
              "code": "cy.get('.color').then(colors => {\n  let currentColors;\n  let previousColors;\n  previousColors = Array.from(colors).map(color => Cypress.$(color).css('background-color'));\n  for (let i = 0; i < 5; i += 1) {\n    cy.reload();\n    cy.get('.color').then(colors => {\n      currentColors = Array.from(colors).map(color => Cypress.$(color).css('background-color'));\n      expect(currentColors).not.to.deep.equal(previousColors);\n      previousColors = currentColors;\n    });\n  }\n});",
              "err": {
                "message": "AssertionError: Timed out retrying after 4000ms: Expected to find element: `.color`, but never found it.",
                "estack": "AssertionError: Timed out retrying after 4000ms: Expected to find element: `.color`, but never found it.\n    at Context.eval (http://localhost:56613/__cypress/tests?p=cypress/integration/project.spec.js:426:8)",
                "diff": null
              },
              "uuid": "dfe3e199-322f-41e5-b43c-175c576a2d16",
              "parentUUID": "01ebe981-05ec-4222-9930-76e2c3f553e1",
              "isHook": false,
              "skipped": false
            },
            {
              "title": "Verifica se a cor preta ainda está presente e é a primeira na sua paleta de cores",
              "fullTitle": "12 - Faça com que as cores da paleta sejam geradas aleatoriamente ao carregar a página. Verifica se a cor preta ainda está presente e é a primeira na sua paleta de cores",
              "timedOut": null,
              "duration": 4270,
              "state": "failed",
              "speed": null,
              "pass": false,
              "fail": true,
              "pending": false,
              "context": null,
              "code": "cy.get('.color').then(colors => {\n  let currentColors;\n  let previousColors;\n  previousColors = Array.from(colors).map(color => Cypress.$(color).css('background-color'));\n  expect(previousColors[0]).to.eq(BLACK);\n  for (let i = 0; i < 5; i += 1) {\n    cy.reload();\n    cy.get('.color').then(colors => {\n      currentColors = Array.from(colors).map(color => Cypress.$(color).css('background-color'));\n      expect(currentColors[0]).to.eq(BLACK);\n      expect(currentColors).not.to.deep.equal(previousColors);\n      previousColors = currentColors;\n    });\n  }\n});",
              "err": {
                "message": "AssertionError: Timed out retrying after 4000ms: Expected to find element: `.color`, but never found it.",
                "estack": "AssertionError: Timed out retrying after 4000ms: Expected to find element: `.color`, but never found it.\n    at Context.eval (http://localhost:56613/__cypress/tests?p=cypress/integration/project.spec.js:442:8)",
                "diff": null
              },
              "uuid": "6d56b30c-b7c4-47b0-8150-bfa66cfb3f38",
              "parentUUID": "01ebe981-05ec-4222-9930-76e2c3f553e1",
              "isHook": false,
              "skipped": false
            }
          ],
          "suites": [],
          "passes": [],
          "failures": [
            "dfe3e199-322f-41e5-b43c-175c576a2d16",
            "6d56b30c-b7c4-47b0-8150-bfa66cfb3f38"
          ],
          "pending": [],
          "skipped": [],
          "duration": 8591,
          "root": false,
          "rootEmpty": false,
          "_timeout": 2000
        }
      ],
      "passes": [],
      "failures": [],
      "pending": [],
      "skipped": [],
      "duration": 0,
      "root": true,
      "rootEmpty": true,
      "_timeout": 2000
    }
  ],
  "meta": {
    "mocha": {
      "version": "7.0.1"
    },
    "mochawesome": {
      "options": {
        "quiet": false,
        "reportFilename": "mochawesome",
        "saveHtml": false,
        "saveJson": true,
        "consoleReporter": "spec",
        "useInlineDiffs": false
      },
      "version": "4.1.0"
    },
    "marge": {
      "options": {
        "id": "default",
        "reportDir": "cypress/reports",
        "overwrite": true,
        "html": false,
        "json": true
      },
      "version": "4.1.0"
    }
  }
}